0 info it worked if it ends with ok
1 verbose cli [ 'C:\\Programs\\nodejs\\node.exe',
1 verbose cli   'C:\\Users\\vladmyr\\AppData\\Roaming\\npm\\node_modules\\npm\\bin\\npm-cli.js',
1 verbose cli   'run',
1 verbose cli   'test' ]
2 info using npm@3.3.9
3 info using node@v4.2.1
4 verbose stack Error: ENOENT: no such file or directory, open 'C:\dev\js\react-redux-full-stack\package.json'
4 verbose stack     at Error (native)
5 verbose cwd C:\dev\js\react-redux-full-stack
6 error Windows_NT 6.1.7601
7 error argv "C:\\Programs\\nodejs\\node.exe" "C:\\Users\\vladmyr\\AppData\\Roaming\\npm\\node_modules\\npm\\bin\\npm-cli.js" "run" "test"
8 error node v4.2.1
9 error npm  v3.3.9
10 error path C:\dev\js\react-redux-full-stack\package.json
11 error code ENOENT
12 error errno -4058
13 error syscall open
14 error enoent ENOENT: no such file or directory, open 'C:\dev\js\react-redux-full-stack\package.json'
14 error enoent This is most likely not a problem with npm itself
14 error enoent and is related to npm not being able to find a file.
15 verbose exit [ -4058, true ]
